<?xml version="1.0" encoding="UTF-8"?>
<!-- Generated by org.testng.reporters.JUnitReportReporter -->
<testsuite hostname="LIKHON-ITECH" failures="0" tests="1"
	name="com.cucumber.runnerfile.RunnerFiles" time="15.630" errors="0"
	timestamp="2022-02-13T14:20:51 EST" skipped="0">
	<testcase classname="com.cucumber.runnerfile.RunnerFiles"
		name="runScenario" time="15.630" />
	<system-out />
</testsuite> <!-- com.cucumber.runnerfile.RunnerFiles -->
