<?xml version="1.0" encoding="UTF-8"?>
<!-- Generated by org.testng.reporters.JUnitReportReporter -->
<testsuite hostname="DESKTOP-0H0MS5J" failures="0" tests="1" name="orange.ny.runner.MyRunner" time="3.277" errors="0" timestamp="26 Mar 2022 08:22:12 GMT" skipped="0">
  <testcase classname="orange.ny.runner.MyRunner" name="feature" time="3.277"/>
</testsuite> <!-- orange.ny.runner.MyRunner -->
